<?xml version="1.0" encoding="UTF-8"?>
<!-- Generated by org.testng.reporters.JUnitReportReporter -->
<testsuite hostname="DESKTOP-9U9EC1K" name="cucmberDemo1.LoginTest" tests="2" failures="0" timestamp="16 Feb 2021 16:49:49 GMT" time="31.463" errors="0">
  <testcase name="loginWithValidCredentials" time="12.160" classname="cucmberDemo1.LoginTest"/>
  <testcase name="loginWithValidCredentials" time="19.303" classname="cucmberDemo1.LoginTest"/>
</testsuite> <!-- cucmberDemo1.LoginTest -->
